=== Suite started at 2022-07-22 00:19:31
=== Starting test, 6 test cases
=cases         6
=user          jens
=host          sumatra
=hosts         sumatra 
=emulator_vsn  9.2
=emulator      beam
=otp_release   20
=started       2022-07-22 00:19:31
=case          ct_framework:init_per_suite
=logfile       ct_framework.init_per_suite.html
=group_props   [{suite,hty_formtree_spaf_SUITE}]
=started       2022-07-22 00:19:31
=ended         2022-07-22 00:19:31
=result        ok
=elapsed       1.0e-6
=case          hty_formtree_spaf_SUITE:single_attr
=logfile       hty_formtree_spaf_suite.single_attr.html
=started       2022-07-22 00:19:31
=ended         2022-07-22 00:19:31
=result        ok
=elapsed       0.003936
=case          hty_formtree_spaf_SUITE:dual_attr
=logfile       hty_formtree_spaf_suite.dual_attr.html
=started       2022-07-22 00:19:31
=ended         2022-07-22 00:19:31
=result        ok
=elapsed       3.63e-4
=case          hty_formtree_spaf_SUITE:nesting
=logfile       hty_formtree_spaf_suite.nesting.html
=started       2022-07-22 00:19:31
=ended         2022-07-22 00:19:31
=result        ok
=elapsed       5.36e-4
=case          hty_formtree_spaf_SUITE:no_eq
=logfile       hty_formtree_spaf_suite.no_eq.html
=started       2022-07-22 00:19:31
=ended         2022-07-22 00:19:31
=result        ok
=elapsed       3.6e-4
=case          hty_formtree_spaf_SUITE:split_attr
=logfile       hty_formtree_spaf_suite.split_attr.html
=started       2022-07-22 00:19:31
=ended         2022-07-22 00:19:31
=result        ok
=elapsed       5.1e-4
=case          hty_formtree_spaf_SUITE:apor
=logfile       hty_formtree_spaf_suite.apor.html
=started       2022-07-22 00:19:31
=ended         2022-07-22 00:19:31
=result        ok
=elapsed       4.59e-4
=case          ct_framework:end_per_suite
=logfile       ct_framework.end_per_suite.html
=group_props   [{suite,hty_formtree_spaf_SUITE}]
=started       2022-07-22 00:19:31
=ended         2022-07-22 00:19:31
=result        ok
=elapsed       1.0e-6
=group_time    0.275s
=== TEST COMPLETE, 6 ok, 0 failed of 6 test cases

=finished      2022-07-22 00:19:31
=failed        0
=successful    6
=user_skipped  0
=auto_skipped  0
