=== Suite started at 2022-07-22 00:19:34
=== Starting test, 11 test cases
=cases         11
=user          jens
=host          sumatra
=hosts         sumatra 
=emulator_vsn  9.2
=emulator      beam
=otp_release   20
=started       2022-07-22 00:19:34
=case          ct_framework:init_per_suite
=logfile       ct_framework.init_per_suite.html
=group_props   [{suite,hty_glob_SUITE}]
=started       2022-07-22 00:19:34
=ended         2022-07-22 00:19:34
=result        ok
=elapsed       1.0e-6
=case          hty_glob_SUITE:initial_glob_test
=logfile       hty_glob_suite.initial_glob_test.html
=started       2022-07-22 00:19:34
=ended         2022-07-22 00:19:34
=result        ok
=elapsed       0.001236
=case          hty_glob_SUITE:middle_glob_test
=logfile       hty_glob_suite.middle_glob_test.html
=started       2022-07-22 00:19:34
=ended         2022-07-22 00:19:34
=result        ok
=elapsed       4.0e-6
=case          hty_glob_SUITE:final_glob_test
=logfile       hty_glob_suite.final_glob_test.html
=started       2022-07-22 00:19:34
=ended         2022-07-22 00:19:34
=result        ok
=elapsed       2.0e-6
=case          hty_glob_SUITE:final_glob_fail_test
=logfile       hty_glob_suite.final_glob_fail_test.html
=started       2022-07-22 00:19:34
=ended         2022-07-22 00:19:34
=result        ok
=elapsed       2.0e-6
=case          hty_glob_SUITE:double_glob_test
=logfile       hty_glob_suite.double_glob_test.html
=started       2022-07-22 00:19:34
=ended         2022-07-22 00:19:34
=result        ok
=elapsed       2.0e-6
=case          hty_glob_SUITE:middle_glob_fail_test
=logfile       hty_glob_suite.middle_glob_fail_test.html
=started       2022-07-22 00:19:34
=ended         2022-07-22 00:19:34
=result        ok
=elapsed       3.0e-6
=case          hty_glob_SUITE:find_explicit_test
=logfile       hty_glob_suite.find_explicit_test.html
=started       2022-07-22 00:19:34
=ended         2022-07-22 00:19:34
=result        ok
=elapsed       2.28e-4
=case          hty_glob_SUITE:find_glob_test
=logfile       hty_glob_suite.find_glob_test.html
=started       2022-07-22 00:19:34
=ended         2022-07-22 00:19:34
=result        ok
=elapsed       7.8e-4
=case          hty_glob_SUITE:mix_folders_and_files_test
=logfile       hty_glob_suite.mix_folders_and_files_test.html
=started       2022-07-22 00:19:34
=ended         2022-07-22 00:19:34
=result        ok
=elapsed       6.91e-4
=case          hty_glob_SUITE:wild_middle_folder_test
=logfile       hty_glob_suite.wild_middle_folder_test.html
=started       2022-07-22 00:19:34
=ended         2022-07-22 00:19:34
=result        ok
=elapsed       0.00123
=case          hty_glob_SUITE:find_double_glob_test
=logfile       hty_glob_suite.find_double_glob_test.html
=started       2022-07-22 00:19:34
=ended         2022-07-22 00:19:34
=result        ok
=elapsed       0.014246
=case          ct_framework:end_per_suite
=logfile       ct_framework.end_per_suite.html
=group_props   [{suite,hty_glob_SUITE}]
=started       2022-07-22 00:19:34
=ended         2022-07-22 00:19:34
=result        ok
=elapsed       1.0e-6
=group_time    0.480s
=== TEST COMPLETE, 11 ok, 0 failed of 11 test cases

=finished      2022-07-22 00:19:34
=failed        0
=successful    11
=user_skipped  0
=auto_skipped  0
