=== Suite started at 2022-07-21 23:54:58
=== Starting test, 3 test cases
=cases         3
=user          jens
=host          sumatra
=hosts         sumatra 
=emulator_vsn  9.2
=emulator      beam
=otp_release   20
=started       2022-07-21 23:54:58
=case          hty_seqfile_SUITE:init_per_suite
=logfile       hty_seqfile_suite.init_per_suite.html
=started       2022-07-21 23:54:58
=ended         2022-07-21 23:54:58
=result        ok
=elapsed       6.26e-4
=case          hty_seqfile_SUITE:init_test
=logfile       hty_seqfile_suite.init_test.html
=started       2022-07-21 23:54:58
=ended         2022-07-21 23:54:58
=result        ok
=elapsed       0.001645
=case          hty_seqfile_SUITE:incr_test
=logfile       hty_seqfile_suite.incr_test.html
=started       2022-07-21 23:54:58
=ended         2022-07-21 23:54:58
=result        ok
=elapsed       0.001085
=case          hty_seqfile_SUITE:badfile_test
=logfile       hty_seqfile_suite.badfile_test.html
=started       2022-07-21 23:54:58
=ended         2022-07-21 23:54:59
=result        ok
=elapsed       2.58e-4
=case          hty_seqfile_SUITE:end_per_suite
=logfile       hty_seqfile_suite.end_per_suite.html
=started       2022-07-21 23:54:59
=ended         2022-07-21 23:54:59
=result        ok
=elapsed       1.0e-6
=group_time    0.207s
=== TEST COMPLETE, 3 ok, 0 failed of 3 test cases

=finished      2022-07-21 23:54:59
=failed        0
=successful    3
=user_skipped  0
=auto_skipped  0
