=== Suite started at 2022-07-22 00:00:29
=== Starting test, 1 test cases
=cases         1
=user          jens
=host          sumatra
=hosts         sumatra 
=emulator_vsn  9.2
=emulator      beam
=otp_release   20
=started       2022-07-22 00:00:29
=case          ct_framework:init_per_suite
=logfile       ct_framework.init_per_suite.html
=group_props   [{suite,hty_date_SUITE}]
=started       2022-07-22 00:00:29
=ended         2022-07-22 00:00:29
=result        ok
=elapsed       1.0e-6
=case          hty_date_SUITE:t0_test
=logfile       hty_date_suite.t0_test.html
=started       2022-07-22 00:00:29
=ended         2022-07-22 00:00:29
=result        ok
=elapsed       0.001491
=case          ct_framework:end_per_suite
=logfile       ct_framework.end_per_suite.html
=group_props   [{suite,hty_date_SUITE}]
=started       2022-07-22 00:00:29
=ended         2022-07-22 00:00:30
=result        ok
=elapsed       1.0e-6
=group_time    0.088s
=== TEST COMPLETE, 1 ok, 0 failed of 1 test cases

=finished      2022-07-22 00:00:30
=failed        0
=successful    1
=user_skipped  0
=auto_skipped  0
