=== Suite started at 2022-07-21 23:05:43
=== Starting test, 0 test cases
=cases         0
=user          jens
=host          sumatra
=hosts         sumatra 
=emulator_vsn  9.2
=emulator      beam
=otp_release   20
=started       2022-07-21 23:05:43
=case          ct_framework:error_in_suite
=logfile       ct_framework.error_in_suite.html
=started       2022-07-21 23:05:43
=ended         2022-07-21 23:05:43
=result        failed: 'hty_inte_SUITE can not be compiled or loaded', unknown_location
=== *** FAILED {ct_framework,error_in_suite} ***
=== TEST COMPLETE, 0 ok, 0 failed of 0 test cases

=finished      2022-07-21 23:05:43
=failed        0
=successful    0
=user_skipped  0
=auto_skipped  0
