=== Suite started at 2022-07-22 00:16:30
=== Starting test, 8 test cases
=cases         8
=user          jens
=host          sumatra
=hosts         sumatra 
=emulator_vsn  9.2
=emulator      beam
=otp_release   20
=started       2022-07-22 00:16:30
=case          ct_framework:init_per_suite
=logfile       ct_framework.init_per_suite.html
=group_props   [{suite,hty_json_spaf_SUITE}]
=started       2022-07-22 00:16:30
=ended         2022-07-22 00:16:30
=result        ok
=elapsed       1.0e-6
=case          ct_framework:init_per_group
=logfile       ct_framework.init_per_group.html
=group_props   [{suite,hty_json_spaf_SUITE},{name,format}]
=started       2022-07-22 00:16:30
=ended         2022-07-22 00:16:31
=result        ok
=elapsed       0.005865
=case          hty_json_spaf_SUITE:empty_element
=logfile       hty_json_spaf_suite.empty_element.html
=started       2022-07-22 00:16:31
=ended         2022-07-22 00:16:31
=result        ok
=elapsed       0.001248
=case          hty_json_spaf_SUITE:empty_attribute
=logfile       hty_json_spaf_suite.empty_attribute.html
=started       2022-07-22 00:16:31
=ended         2022-07-22 00:16:31
=result        ok
=elapsed       1.3e-5
=case          hty_json_spaf_SUITE:element_with_text
=logfile       hty_json_spaf_suite.element_with_text.html
=started       2022-07-22 00:16:31
=ended         2022-07-22 00:16:31
=result        ok
=elapsed       2.0e-5
=case          hty_json_spaf_SUITE:empty_element_with_attributes
=logfile       hty_json_spaf_suite.empty_element_with_attributes.html
=started       2022-07-22 00:16:31
=ended         2022-07-22 00:16:31
=result        ok
=elapsed       1.7e-5
=case          hty_json_spaf_SUITE:element_with_text_and_attributes
=logfile       hty_json_spaf_suite.element_with_text_and_attributes.html
=started       2022-07-22 00:16:31
=ended         2022-07-22 00:16:31
=result        ok
=elapsed       1.8e-5
=case          hty_json_spaf_SUITE:element_with_elements_with_different_names
=logfile       hty_json_spaf_suite.element_with_elements_with_different_names.html
=started       2022-07-22 00:16:31
=ended         2022-07-22 00:16:31
=result        ok
=elapsed       1.9e-5
=case          hty_json_spaf_SUITE:element_with_elements_with_identical_names
=logfile       hty_json_spaf_suite.element_with_elements_with_identical_names.html
=started       2022-07-22 00:16:31
=ended         2022-07-22 00:16:31
=result        ok
=elapsed       2.0e-5
=case          hty_json_spaf_SUITE:element_with_elements_and_text
=logfile       hty_json_spaf_suite.element_with_elements_and_text.html
=started       2022-07-22 00:16:31
=ended         2022-07-22 00:16:31
=result        ok
=elapsed       1.6e-5
=case          ct_framework:end_per_group
=logfile       ct_framework.end_per_group.html
=group_props   [{suite,hty_json_spaf_SUITE},{name,format}]
=started       2022-07-22 00:16:31
=ended         2022-07-22 00:16:31
=result        ok
=elapsed       7.4e-5
=group_time    0.372s
=case          ct_framework:end_per_suite
=logfile       ct_framework.end_per_suite.html
=group_props   [{suite,hty_json_spaf_SUITE}]
=started       2022-07-22 00:16:31
=ended         2022-07-22 00:16:31
=result        ok
=elapsed       1.0e-6
=group_time    0.479s
=== TEST COMPLETE, 8 ok, 0 failed of 8 test cases

=finished      2022-07-22 00:16:31
=failed        0
=successful    8
=user_skipped  0
=auto_skipped  0
