=== Suite started at 2022-07-21 23:19:39
=== Starting test, 3 test cases
=cases         3
=user          jens
=host          sumatra
=hosts         sumatra 
=emulator_vsn  9.2
=emulator      beam
=otp_release   20
=started       2022-07-21 23:19:40
=case          ct_framework:init_per_suite
=logfile       ct_framework.init_per_suite.html
=group_props   [{suite,hty_fspath_SUITE}]
=started       2022-07-21 23:19:40
=ended         2022-07-21 23:19:40
=result        ok
=elapsed       1.0e-6
=case          hty_fspath_SUITE:init_per_group
=logfile       hty_fspath_suite.init_per_group.html
=group_props   [{name,move}]
=started       2022-07-21 23:19:40
=ended         2022-07-21 23:19:40
=result        ok
=elapsed       0.039514
=case          hty_fspath_SUITE:move_direct_child_file
=logfile       hty_fspath_suite.move_direct_child_file.html
=started       2022-07-21 23:19:40
=ended         2022-07-21 23:19:40
=result        ok
=elapsed       0.026421
=case          hty_fspath_SUITE:move_direct_child_folder
=logfile       hty_fspath_suite.move_direct_child_folder.html
=started       2022-07-21 23:19:40
=ended         2022-07-21 23:19:40
=result        ok
=elapsed       0.001416
=case          hty_fspath_SUITE:move_nested_source
=logfile       hty_fspath_suite.move_nested_source.html
=started       2022-07-21 23:19:40
=ended         2022-07-21 23:19:40
=result        ok
=elapsed       0.001936
=case          hty_fspath_SUITE:end_per_group
=logfile       hty_fspath_suite.end_per_group.html
=group_props   [{name,move}]
=started       2022-07-21 23:19:40
=ended         2022-07-21 23:19:40
=result        ok
=elapsed       1.0e-6
=group_time    0.218s
=case          ct_framework:end_per_suite
=logfile       ct_framework.end_per_suite.html
=group_props   [{suite,hty_fspath_SUITE}]
=started       2022-07-21 23:19:40
=ended         2022-07-21 23:19:40
=result        ok
=elapsed       1.0e-6
=group_time    0.311s
=== TEST COMPLETE, 3 ok, 0 failed of 3 test cases

=finished      2022-07-21 23:19:40
=failed        0
=successful    3
=user_skipped  0
=auto_skipped  0
